android/app/build/intermediates/manifest_merge_blame_file/debug/manifest-merger-blame-debug-report.txt
1<?xml version="1.0" encoding="utf-8"?>
2<manifest xmlns:android="http://schemas.android.com/apk/res/android"
3    package="com.stargazed.assistant"
4    android:versionCode="1"
5    android:versionName="1.0" >
6
7    <uses-sdk
8        android:minSdkVersion="26"
9        android:targetSdkVersion="34" />
10
11    <!-- Network -->
12    <uses-permission android:name="android.permission.INTERNET" />
12-->src/main/AndroidManifest.xml:5:5-67
12-->src/main/AndroidManifest.xml:5:22-64
13
14    <!-- Audio & Voice -->
15    <uses-permission android:name="android.permission.RECORD_AUDIO" />
15-->src/main/AndroidManifest.xml:8:5-71
15-->src/main/AndroidManifest.xml:8:22-68
16
17    <!-- Background Services -->
18    <uses-permission android:name="android.permission.FOREGROUND_SERVICE" />
18-->src/main/AndroidManifest.xml:11:5-77
18-->src/main/AndroidManifest.xml:11:22-74
19    <uses-permission android:name="android.permission.FOREGROUND_SERVICE_MICROPHONE" />
19-->src/main/AndroidManifest.xml:12:5-88
19-->src/main/AndroidManifest.xml:12:22-85
20    <uses-permission android:name="android.permission.FOREGROUND_SERVICE_CONNECTED_DEVICE" />
20-->src/main/AndroidManifest.xml:13:5-94
20-->src/main/AndroidManifest.xml:13:22-91
21
22    <!-- MCP Actions -->
23    <uses-permission android:name="android.permission.QUERY_ALL_PACKAGES" />
23-->src/main/AndroidManifest.xml:16:5-77
23-->src/main/AndroidManifest.xml:16:22-74
24    <uses-permission android:name="android.permission.CHANGE_CONFIGURATION" />
24-->src/main/AndroidManifest.xml:17:5-79
24-->src/main/AndroidManifest.xml:17:22-76
25
26    <permission
26-->[androidx.core:core:1.12.0] AndroidManifest.xml:22:5-24:47
27        android:name="com.stargazed.assistant.DYNAMIC_RECEIVER_NOT_EXPORTED_PERMISSION"
27-->[androidx.core:core:1.12.0] AndroidManifest.xml:23:9-81
28        android:protectionLevel="signature" />
28-->[androidx.core:core:1.12.0] AndroidManifest.xml:24:9-44
29
30    <uses-permission android:name="com.stargazed.assistant.DYNAMIC_RECEIVER_NOT_EXPORTED_PERMISSION" />
30-->[androidx.core:core:1.12.0] AndroidManifest.xml:26:5-97
30-->[androidx.core:core:1.12.0] AndroidManifest.xml:26:22-94
31
32    <application
32-->src/main/AndroidManifest.xml:19:5-66:19
33        android:allowBackup="true"
33-->src/main/AndroidManifest.xml:20:9-35
34        android:appComponentFactory="androidx.core.app.CoreComponentFactory"
34-->[androidx.core:core:1.12.0] AndroidManifest.xml:28:18-86
35        android:debuggable="true"
36        android:extractNativeLibs="false"
37        android:icon="@mipmap/ic_launcher"
37-->src/main/AndroidManifest.xml:22:9-43
38        android:label="Star Gazed"
38-->src/main/AndroidManifest.xml:21:9-35
39        android:roundIcon="@mipmap/ic_launcher_round"
39-->src/main/AndroidManifest.xml:23:9-54
40        android:supportsRtl="true"
40-->src/main/AndroidManifest.xml:25:9-35
41        android:theme="@style/Theme.AppCompat.DayNight.DarkActionBar" >
41-->src/main/AndroidManifest.xml:24:9-70
42        <activity
42-->src/main/AndroidManifest.xml:27:9-35:20
43            android:name="com.stargazed.assistant.MainActivity"
43-->src/main/AndroidManifest.xml:28:13-41
44            android:exported="true"
44-->src/main/AndroidManifest.xml:29:13-36
45            android:windowSoftInputMode="adjustResize" >
45-->src/main/AndroidManifest.xml:30:13-55
46            <intent-filter>
46-->src/main/AndroidManifest.xml:31:13-34:29
47                <action android:name="android.intent.action.MAIN" />
47-->src/main/AndroidManifest.xml:32:17-69
47-->src/main/AndroidManifest.xml:32:25-66
48
49                <category android:name="android.intent.category.LAUNCHER" />
49-->src/main/AndroidManifest.xml:33:17-77
49-->src/main/AndroidManifest.xml:33:27-74
50            </intent-filter>
51        </activity>
52
53        <!-- Accessibility Service -->
54        <service
54-->src/main/AndroidManifest.xml:38:9-48:19
55            android:name="com.stargazed.assistant.StarGazedAccessibilityService"
55-->src/main/AndroidManifest.xml:39:13-58
56            android:exported="true"
56-->src/main/AndroidManifest.xml:41:13-36
57            android:permission="android.permission.BIND_ACCESSIBILITY_SERVICE" >
57-->src/main/AndroidManifest.xml:40:13-79
58            <intent-filter>
58-->src/main/AndroidManifest.xml:42:13-44:29
59                <action android:name="android.accessibilityservice.AccessibilityService" />
59-->src/main/AndroidManifest.xml:43:17-92
59-->src/main/AndroidManifest.xml:43:25-89
60            </intent-filter>
61
62            <meta-data
62-->src/main/AndroidManifest.xml:45:13-47:72
63                android:name="android.accessibilityservice"
63-->src/main/AndroidManifest.xml:46:17-60
64                android:resource="@xml/accessibility_service_config" />
64-->src/main/AndroidManifest.xml:47:17-69
65        </service>
66
67        <!-- Foreground Service for background operation -->
68        <service
68-->src/main/AndroidManifest.xml:51:9-54:74
69            android:name="com.stargazed.assistant.StarGazedForegroundService"
69-->src/main/AndroidManifest.xml:52:13-55
70            android:exported="false"
70-->src/main/AndroidManifest.xml:53:13-37
71            android:foregroundServiceType="connectedDevice|microphone" />
71-->src/main/AndroidManifest.xml:54:13-71
72
73        <!-- Voice recognition service -->
74        <service
74-->src/main/AndroidManifest.xml:57:9-74
75            android:name="com.stargazed.assistant.VoiceService"
75-->src/main/AndroidManifest.xml:57:18-46
76            android:exported="false" />
76-->src/main/AndroidManifest.xml:57:47-71
77
78        <!-- Voice command bridge -->
79        <receiver
79-->src/main/AndroidManifest.xml:60:9-64:20
80            android:name="com.stargazed.assistant.VoiceCommandReceiver"
80-->src/main/AndroidManifest.xml:60:19-55
81            android:exported="false" >
81-->src/main/AndroidManifest.xml:60:56-80
82            <intent-filter>
82-->src/main/AndroidManifest.xml:61:13-63:29
83                <action android:name="com.stargazed.assistant.ACTION_WAKE_WORD" />
83-->src/main/AndroidManifest.xml:62:17-83
83-->src/main/AndroidManifest.xml:62:25-80
84            </intent-filter>
85        </receiver>
86
87        <provider
87-->[androidx.emoji2:emoji2:1.2.0] AndroidManifest.xml:24:9-32:20
88            android:name="androidx.startup.InitializationProvider"
88-->[androidx.emoji2:emoji2:1.2.0] AndroidManifest.xml:25:13-67
89            android:authorities="com.stargazed.assistant.androidx-startup"
89-->[androidx.emoji2:emoji2:1.2.0] AndroidManifest.xml:26:13-68
90            android:exported="false" >
90-->[androidx.emoji2:emoji2:1.2.0] AndroidManifest.xml:27:13-37
91            <meta-data
91-->[androidx.emoji2:emoji2:1.2.0] AndroidManifest.xml:29:13-31:52
92                android:name="androidx.emoji2.text.EmojiCompatInitializer"
92-->[androidx.emoji2:emoji2:1.2.0] AndroidManifest.xml:30:17-75
93                android:value="androidx.startup" />
93-->[androidx.emoji2:emoji2:1.2.0] AndroidManifest.xml:31:17-49
94            <meta-data
94-->[androidx.lifecycle:lifecycle-process:2.6.1] AndroidManifest.xml:29:13-31:52
95                android:name="androidx.lifecycle.ProcessLifecycleInitializer"
95-->[androidx.lifecycle:lifecycle-process:2.6.1] AndroidManifest.xml:30:17-78
96                android:value="androidx.startup" />
96-->[androidx.lifecycle:lifecycle-process:2.6.1] AndroidManifest.xml:31:17-49
97            <meta-data
97-->[androidx.profileinstaller:profileinstaller:1.3.0] AndroidManifest.xml:29:13-31:52
98                android:name="androidx.profileinstaller.ProfileInstallerInitializer"
98-->[androidx.profileinstaller:profileinstaller:1.3.0] AndroidManifest.xml:30:17-85
99                android:value="androidx.startup" />
99-->[androidx.profileinstaller:profileinstaller:1.3.0] AndroidManifest.xml:31:17-49
100        </provider>
101
102        <receiver
102-->[androidx.profileinstaller:profileinstaller:1.3.0] AndroidManifest.xml:34:9-52:20
103            android:name="androidx.profileinstaller.ProfileInstallReceiver"
103-->[androidx.profileinstaller:profileinstaller:1.3.0] AndroidManifest.xml:35:13-76
104            android:directBootAware="false"
104-->[androidx.profileinstaller:profileinstaller:1.3.0] AndroidManifest.xml:36:13-44
105            android:enabled="true"
105-->[androidx.profileinstaller:profileinstaller:1.3.0] AndroidManifest.xml:37:13-35
106            android:exported="true"
106-->[androidx.profileinstaller:profileinstaller:1.3.0] AndroidManifest.xml:38:13-36
107            android:permission="android.permission.DUMP" >
107-->[androidx.profileinstaller:profileinstaller:1.3.0] AndroidManifest.xml:39:13-57
108            <intent-filter>
108-->[androidx.profileinstaller:profileinstaller:1.3.0] AndroidManifest.xml:40:13-42:29
109                <action android:name="androidx.profileinstaller.action.INSTALL_PROFILE" />
109-->[androidx.profileinstaller:profileinstaller:1.3.0] AndroidManifest.xml:41:17-91
109-->[androidx.profileinstaller:profileinstaller:1.3.0] AndroidManifest.xml:41:25-88
110            </intent-filter>
111            <intent-filter>
111-->[androidx.profileinstaller:profileinstaller:1.3.0] AndroidManifest.xml:43:13-45:29
112                <action android:name="androidx.profileinstaller.action.SKIP_FILE" />
112-->[androidx.profileinstaller:profileinstaller:1.3.0] AndroidManifest.xml:44:17-85
112-->[androidx.profileinstaller:profileinstaller:1.3.0] AndroidManifest.xml:44:25-82
113            </intent-filter>
114            <intent-filter>
114-->[androidx.profileinstaller:profileinstaller:1.3.0] AndroidManifest.xml:46:13-48:29
115                <action android:name="androidx.profileinstaller.action.SAVE_PROFILE" />
115-->[androidx.profileinstaller:profileinstaller:1.3.0] AndroidManifest.xml:47:17-88
115-->[androidx.profileinstaller:profileinstaller:1.3.0] AndroidManifest.xml:47:25-85
116            </intent-filter>
117            <intent-filter>
117-->[androidx.profileinstaller:profileinstaller:1.3.0] AndroidManifest.xml:49:13-51:29
118                <action android:name="androidx.profileinstaller.action.BENCHMARK_OPERATION" />
118-->[androidx.profileinstaller:profileinstaller:1.3.0] AndroidManifest.xml:50:17-95
118-->[androidx.profileinstaller:profileinstaller:1.3.0] AndroidManifest.xml:50:25-92
119            </intent-filter>
120        </receiver>
121    </application>
122
123</manifest>